<?xml version="1.0" encoding="UTF-8"?>
<testng-results skipped="1" failed="0" total="1" passed="0">
  <reporter-output>
  </reporter-output>
  <suite name="ESBTestSuite" duration-ms="30419" started-at="2016-07-26T09:33:02Z" finished-at="2016-07-26T09:33:32Z">
    <groups>
      <group name="java.lang.reflect.Method">
        <method signature="org.wso2.carbon.connector.StubHubIntegrationTest.testgetEventDetails()" name="testgetEventDetails" class="org.wso2.carbon.connector.StubHubIntegrationTest"/>
      </group>
    </groups>
    <test name="Sample-Connector-Test" duration-ms="30419" started-at="2016-07-26T09:33:02Z" finished-at="2016-07-26T09:33:32Z">
      <class name="org.wso2.carbon.connector.StubHubIntegrationTest">
        <test-method status="FAIL" signature="setEnvironment()" name="setEnvironment" is-config="true" duration-ms="0" started-at="2016-07-26T09:33:02Z" finished-at="2016-07-26T09:33:02Z">
          <exception class="java.lang.NullPointerException">
            <full-stacktrace>
              <![CDATA[java.lang.NullPointerException
	at org.wso2.connector.integration.test.base.ConnectorIntegrationTestBase.init(ConnectorIntegrationTestBase.java:194)
	at org.wso2.carbon.connector.StubHubIntegrationTest.setEnvironment(StubHubIntegrationTest.java:41)
	at sun.reflect.NativeMethodAccessorImpl.invoke0(Native Method)
	at sun.reflect.NativeMethodAccessorImpl.invoke(NativeMethodAccessorImpl.java:57)
	at sun.reflect.DelegatingMethodAccessorImpl.invoke(DelegatingMethodAccessorImpl.java:43)
	at java.lang.reflect.Method.invoke(Method.java:606)
	at org.testng.internal.MethodInvocationHelper.invokeMethod(MethodInvocationHelper.java:80)
	at org.testng.internal.Invoker.invokeConfigurationMethod(Invoker.java:525)
	at org.testng.internal.Invoker.invokeConfigurations(Invoker.java:202)
	at org.testng.internal.Invoker.invokeConfigurations(Invoker.java:130)
	at org.testng.internal.TestMethodWorker.invokeBeforeClassMethods(TestMethodWorker.java:173)
	at org.testng.internal.TestMethodWorker.run(TestMethodWorker.java:105)
	at org.testng.TestRunner.runWorkers(TestRunner.java:1178)
	at org.testng.TestRunner.privateRun(TestRunner.java:757)
	at org.testng.TestRunner.run(TestRunner.java:608)
	at org.testng.SuiteRunner.runTest(SuiteRunner.java:334)
	at org.testng.SuiteRunner.runSequentially(SuiteRunner.java:329)
	at org.testng.SuiteRunner.privateRun(SuiteRunner.java:291)
	at org.testng.SuiteRunner.run(SuiteRunner.java:240)
	at org.testng.SuiteRunnerWorker.runSuite(SuiteRunnerWorker.java:52)
	at org.testng.SuiteRunnerWorker.run(SuiteRunnerWorker.java:86)
	at org.testng.TestNG.runSuitesSequentially(TestNG.java:1158)
	at org.testng.TestNG.runSuitesLocally(TestNG.java:1083)
	at org.testng.TestNG.run(TestNG.java:999)
	at org.apache.maven.surefire.testng.TestNGExecutor.run(TestNGExecutor.java:178)
	at org.apache.maven.surefire.testng.TestNGXmlTestSuite.execute(TestNGXmlTestSuite.java:92)
	at org.apache.maven.surefire.testng.TestNGProvider.invoke(TestNGProvider.java:96)
	at sun.reflect.NativeMethodAccessorImpl.invoke0(Native Method)
	at sun.reflect.NativeMethodAccessorImpl.invoke(NativeMethodAccessorImpl.java:57)
	at sun.reflect.DelegatingMethodAccessorImpl.invoke(DelegatingMethodAccessorImpl.java:43)
	at java.lang.reflect.Method.invoke(Method.java:606)
	at org.apache.maven.surefire.util.ReflectionUtils.invokeMethodWithArray(ReflectionUtils.java:189)
	at org.apache.maven.surefire.booter.ProviderFactory$ProviderProxy.invoke(ProviderFactory.java:165)
	at org.apache.maven.surefire.booter.ProviderFactory.invokeProvider(ProviderFactory.java:85)
	at org.apache.maven.surefire.booter.ForkedBooter.runSuitesInProcess(ForkedBooter.java:115)
	at org.apache.maven.surefire.booter.ForkedBooter.main(ForkedBooter.java:75)
]]>
            </full-stacktrace>
          </exception>
        </test-method>
        <test-method status="SKIP" signature="testgetEventDetails()" name="testgetEventDetails" duration-ms="1" started-at="2016-07-26T09:33:32Z" description="StubHub test case" finished-at="2016-07-26T09:33:32Z">
        </test-method>
        <test-method status="PASS" signature="cleanUpEsb()" name="cleanUpEsb" is-config="true" duration-ms="48" started-at="2016-07-26T09:33:32Z" finished-at="2016-07-26T09:33:32Z">
        </test-method>
      </class>
    </test>
  </suite>
</testng-results>
